[INFO  - 2014-04-03T10:18:59.791Z] GhostDriver - Main - running on port 50109
[INFO  - 2014-04-03T10:18:59.849Z] Session [5f48a620-bb19-11e3-97d4-07f414292304] - page.settings - {"XSSAuditingEnabled":false,"javascriptCanCloseWindows":true,"javascriptCanOpenWindows":true,"javascriptEnabled":true,"loadImages":true,"localToRemoteUrlAccessEnabled":false,"userAgent":"Mozilla/5.0 (Unknown; Linux x86_64) AppleWebKit/534.34 (KHTML, like Gecko) PhantomJS/1.9.7 Safari/534.34","webSecurityEnabled":true}
[INFO  - 2014-04-03T10:18:59.849Z] Session [5f48a620-bb19-11e3-97d4-07f414292304] - page.customHeaders:  - {}
[INFO  - 2014-04-03T10:18:59.849Z] Session [5f48a620-bb19-11e3-97d4-07f414292304] - Session.negotiatedCapabilities - {"browserName":"phantomjs","version":"1.9.7","driverName":"ghostdriver","driverVersion":"1.1.0","platform":"linux-unknown-64bit","javascriptEnabled":true,"takesScreenshot":true,"handlesAlerts":false,"databaseEnabled":false,"locationContextEnabled":false,"applicationCacheEnabled":false,"browserConnectionEnabled":false,"cssSelectorsEnabled":true,"webStorageEnabled":false,"rotatable":false,"acceptSslCerts":false,"nativeEvents":true,"proxy":{"proxyType":"direct"}}
[INFO  - 2014-04-03T10:18:59.849Z] SessionManagerReqHand - _postNewSessionCommand - New Session Created: 5f48a620-bb19-11e3-97d4-07f414292304
[INFO  - 2014-04-03T10:20:20.744Z] GhostDriver - Main - running on port 55669
[INFO  - 2014-04-03T10:20:20.801Z] Session [8f88ca90-bb19-11e3-ae9e-6d17f8e380b8] - page.settings - {"XSSAuditingEnabled":false,"javascriptCanCloseWindows":true,"javascriptCanOpenWindows":true,"javascriptEnabled":true,"loadImages":true,"localToRemoteUrlAccessEnabled":false,"userAgent":"Mozilla/5.0 (Unknown; Linux x86_64) AppleWebKit/534.34 (KHTML, like Gecko) PhantomJS/1.9.7 Safari/534.34","webSecurityEnabled":true}
[INFO  - 2014-04-03T10:20:20.801Z] Session [8f88ca90-bb19-11e3-ae9e-6d17f8e380b8] - page.customHeaders:  - {}
[INFO  - 2014-04-03T10:20:20.801Z] Session [8f88ca90-bb19-11e3-ae9e-6d17f8e380b8] - Session.negotiatedCapabilities - {"browserName":"phantomjs","version":"1.9.7","driverName":"ghostdriver","driverVersion":"1.1.0","platform":"linux-unknown-64bit","javascriptEnabled":true,"takesScreenshot":true,"handlesAlerts":false,"databaseEnabled":false,"locationContextEnabled":false,"applicationCacheEnabled":false,"browserConnectionEnabled":false,"cssSelectorsEnabled":true,"webStorageEnabled":false,"rotatable":false,"acceptSslCerts":false,"nativeEvents":true,"proxy":{"proxyType":"direct"}}
[INFO  - 2014-04-03T10:20:20.801Z] SessionManagerReqHand - _postNewSessionCommand - New Session Created: 8f88ca90-bb19-11e3-ae9e-6d17f8e380b8
[INFO  - 2014-04-03T10:22:30.565Z] GhostDriver - Main - running on port 43147
[INFO  - 2014-04-03T10:22:30.619Z] Session [dcea3580-bb19-11e3-af94-d726d508b6c0] - page.settings - {"XSSAuditingEnabled":false,"javascriptCanCloseWindows":true,"javascriptCanOpenWindows":true,"javascriptEnabled":true,"loadImages":true,"localToRemoteUrlAccessEnabled":false,"userAgent":"Mozilla/5.0 (Unknown; Linux x86_64) AppleWebKit/534.34 (KHTML, like Gecko) PhantomJS/1.9.7 Safari/534.34","webSecurityEnabled":true}
[INFO  - 2014-04-03T10:22:30.619Z] Session [dcea3580-bb19-11e3-af94-d726d508b6c0] - page.customHeaders:  - {}
[INFO  - 2014-04-03T10:22:30.619Z] Session [dcea3580-bb19-11e3-af94-d726d508b6c0] - Session.negotiatedCapabilities - {"browserName":"phantomjs","version":"1.9.7","driverName":"ghostdriver","driverVersion":"1.1.0","platform":"linux-unknown-64bit","javascriptEnabled":true,"takesScreenshot":true,"handlesAlerts":false,"databaseEnabled":false,"locationContextEnabled":false,"applicationCacheEnabled":false,"browserConnectionEnabled":false,"cssSelectorsEnabled":true,"webStorageEnabled":false,"rotatable":false,"acceptSslCerts":false,"nativeEvents":true,"proxy":{"proxyType":"direct"}}
[INFO  - 2014-04-03T10:22:30.619Z] SessionManagerReqHand - _postNewSessionCommand - New Session Created: dcea3580-bb19-11e3-af94-d726d508b6c0
[ERROR - 2014-04-03T10:22:30.920Z] WebElementLocator - _handleLocateCommand - Element(s) NOT Found: GAVE UP. Search Stop Time: 1396520550866
[INFO  - 2014-04-03T10:24:06.512Z] GhostDriver - Main - running on port 38988
[INFO  - 2014-04-03T10:24:06.557Z] Session [16181e30-bb1a-11e3-89ca-93d5e4d622d0] - page.settings - {"XSSAuditingEnabled":false,"javascriptCanCloseWindows":true,"javascriptCanOpenWindows":true,"javascriptEnabled":true,"loadImages":true,"localToRemoteUrlAccessEnabled":false,"userAgent":"Mozilla/5.0 (Unknown; Linux x86_64) AppleWebKit/534.34 (KHTML, like Gecko) PhantomJS/1.9.7 Safari/534.34","webSecurityEnabled":true}
[INFO  - 2014-04-03T10:24:06.557Z] Session [16181e30-bb1a-11e3-89ca-93d5e4d622d0] - page.customHeaders:  - {}
[INFO  - 2014-04-03T10:24:06.557Z] Session [16181e30-bb1a-11e3-89ca-93d5e4d622d0] - Session.negotiatedCapabilities - {"browserName":"phantomjs","version":"1.9.7","driverName":"ghostdriver","driverVersion":"1.1.0","platform":"linux-unknown-64bit","javascriptEnabled":true,"takesScreenshot":true,"handlesAlerts":false,"databaseEnabled":false,"locationContextEnabled":false,"applicationCacheEnabled":false,"browserConnectionEnabled":false,"cssSelectorsEnabled":true,"webStorageEnabled":false,"rotatable":false,"acceptSslCerts":false,"nativeEvents":true,"proxy":{"proxyType":"direct"}}
[INFO  - 2014-04-03T10:24:06.557Z] SessionManagerReqHand - _postNewSessionCommand - New Session Created: 16181e30-bb1a-11e3-89ca-93d5e4d622d0
[ERROR - 2014-04-03T10:24:06.801Z] Session [16181e30-bb1a-11e3-89ca-93d5e4d622d0] - page.onError - msg: SyntaxError: Parse error
[ERROR - 2014-04-03T10:24:06.801Z] Session [16181e30-bb1a-11e3-89ca-93d5e4d622d0] - page.onError - stack:

[ERROR - 2014-04-03T10:24:07.530Z] WebElementLocator - _handleLocateCommand - Element(s) NOT Found: GAVE UP. Search Stop Time: 1396520647522
[INFO  - 2014-04-03T10:30:16.061Z] GhostDriver - Main - running on port 37989
[INFO  - 2014-04-03T10:30:16.121Z] Session [f25f4300-bb1a-11e3-9043-f5966770e291] - page.settings - {"XSSAuditingEnabled":false,"javascriptCanCloseWindows":true,"javascriptCanOpenWindows":true,"javascriptEnabled":true,"loadImages":true,"localToRemoteUrlAccessEnabled":false,"userAgent":"Mozilla/5.0 (Unknown; Linux x86_64) AppleWebKit/534.34 (KHTML, like Gecko) PhantomJS/1.9.7 Safari/534.34","webSecurityEnabled":true}
[INFO  - 2014-04-03T10:30:16.121Z] Session [f25f4300-bb1a-11e3-9043-f5966770e291] - page.customHeaders:  - {}
[INFO  - 2014-04-03T10:30:16.121Z] Session [f25f4300-bb1a-11e3-9043-f5966770e291] - Session.negotiatedCapabilities - {"browserName":"phantomjs","version":"1.9.7","driverName":"ghostdriver","driverVersion":"1.1.0","platform":"linux-unknown-64bit","javascriptEnabled":true,"takesScreenshot":true,"handlesAlerts":false,"databaseEnabled":false,"locationContextEnabled":false,"applicationCacheEnabled":false,"browserConnectionEnabled":false,"cssSelectorsEnabled":true,"webStorageEnabled":false,"rotatable":false,"acceptSslCerts":false,"nativeEvents":true,"proxy":{"proxyType":"direct"}}
[INFO  - 2014-04-03T10:30:16.121Z] SessionManagerReqHand - _postNewSessionCommand - New Session Created: f25f4300-bb1a-11e3-9043-f5966770e291
[ERROR - 2014-04-03T10:30:16.237Z] Session [f25f4300-bb1a-11e3-9043-f5966770e291] - page.onError - msg: SyntaxError: Parse error
[ERROR - 2014-04-03T10:30:16.237Z] Session [f25f4300-bb1a-11e3-9043-f5966770e291] - page.onError - stack:

[ERROR - 2014-04-03T10:31:36.539Z] WebElementLocator - _handleLocateCommand - Element(s) NOT Found: GAVE UP. Search Stop Time: 1396521096535
[INFO  - 2014-04-03T10:35:03.813Z] GhostDriver - Main - running on port 56412
[INFO  - 2014-04-03T10:35:03.864Z] Session [9de24650-bb1b-11e3-9fc9-bbd30b0a226f] - page.settings - {"XSSAuditingEnabled":false,"javascriptCanCloseWindows":true,"javascriptCanOpenWindows":true,"javascriptEnabled":true,"loadImages":true,"localToRemoteUrlAccessEnabled":false,"userAgent":"Mozilla/5.0 (Unknown; Linux x86_64) AppleWebKit/534.34 (KHTML, like Gecko) PhantomJS/1.9.7 Safari/534.34","webSecurityEnabled":true}
[INFO  - 2014-04-03T10:35:03.864Z] Session [9de24650-bb1b-11e3-9fc9-bbd30b0a226f] - page.customHeaders:  - {}
[INFO  - 2014-04-03T10:35:03.864Z] Session [9de24650-bb1b-11e3-9fc9-bbd30b0a226f] - Session.negotiatedCapabilities - {"browserName":"phantomjs","version":"1.9.7","driverName":"ghostdriver","driverVersion":"1.1.0","platform":"linux-unknown-64bit","javascriptEnabled":true,"takesScreenshot":true,"handlesAlerts":false,"databaseEnabled":false,"locationContextEnabled":false,"applicationCacheEnabled":false,"browserConnectionEnabled":false,"cssSelectorsEnabled":true,"webStorageEnabled":false,"rotatable":false,"acceptSslCerts":false,"nativeEvents":true,"proxy":{"proxyType":"direct"}}
[INFO  - 2014-04-03T10:35:03.864Z] SessionManagerReqHand - _postNewSessionCommand - New Session Created: 9de24650-bb1b-11e3-9fc9-bbd30b0a226f
[ERROR - 2014-04-03T10:35:04.010Z] Session [9de24650-bb1b-11e3-9fc9-bbd30b0a226f] - page.onError - msg: SyntaxError: Parse error
[ERROR - 2014-04-03T10:35:04.010Z] Session [9de24650-bb1b-11e3-9fc9-bbd30b0a226f] - page.onError - stack:

[INFO  - 2014-04-03T10:39:39.030Z] GhostDriver - Main - running on port 56161
[INFO  - 2014-04-03T10:39:39.078Z] Session [41ec4b10-bb1c-11e3-9da9-037953644018] - page.settings - {"XSSAuditingEnabled":false,"javascriptCanCloseWindows":true,"javascriptCanOpenWindows":true,"javascriptEnabled":true,"loadImages":true,"localToRemoteUrlAccessEnabled":false,"userAgent":"Mozilla/5.0 (Unknown; Linux x86_64) AppleWebKit/534.34 (KHTML, like Gecko) PhantomJS/1.9.7 Safari/534.34","webSecurityEnabled":true}
[INFO  - 2014-04-03T10:39:39.078Z] Session [41ec4b10-bb1c-11e3-9da9-037953644018] - page.customHeaders:  - {}
[INFO  - 2014-04-03T10:39:39.078Z] Session [41ec4b10-bb1c-11e3-9da9-037953644018] - Session.negotiatedCapabilities - {"browserName":"phantomjs","version":"1.9.7","driverName":"ghostdriver","driverVersion":"1.1.0","platform":"linux-unknown-64bit","javascriptEnabled":true,"takesScreenshot":true,"handlesAlerts":false,"databaseEnabled":false,"locationContextEnabled":false,"applicationCacheEnabled":false,"browserConnectionEnabled":false,"cssSelectorsEnabled":true,"webStorageEnabled":false,"rotatable":false,"acceptSslCerts":false,"nativeEvents":true,"proxy":{"proxyType":"direct"}}
[INFO  - 2014-04-03T10:39:39.078Z] SessionManagerReqHand - _postNewSessionCommand - New Session Created: 41ec4b10-bb1c-11e3-9da9-037953644018
[ERROR - 2014-04-03T10:39:39.207Z] Session [41ec4b10-bb1c-11e3-9da9-037953644018] - page.onError - msg: SyntaxError: Parse error
[ERROR - 2014-04-03T10:39:39.207Z] Session [41ec4b10-bb1c-11e3-9da9-037953644018] - page.onError - stack:

[INFO  - 2014-04-03T10:40:19.462Z] GhostDriver - Main - running on port 47763
[INFO  - 2014-04-03T10:40:19.517Z] Session [5a062f40-bb1c-11e3-b4fe-1f3eec242a42] - page.settings - {"XSSAuditingEnabled":false,"javascriptCanCloseWindows":true,"javascriptCanOpenWindows":true,"javascriptEnabled":true,"loadImages":true,"localToRemoteUrlAccessEnabled":false,"userAgent":"Mozilla/5.0 (Unknown; Linux x86_64) AppleWebKit/534.34 (KHTML, like Gecko) PhantomJS/1.9.7 Safari/534.34","webSecurityEnabled":true}
[INFO  - 2014-04-03T10:40:19.517Z] Session [5a062f40-bb1c-11e3-b4fe-1f3eec242a42] - page.customHeaders:  - {}
[INFO  - 2014-04-03T10:40:19.517Z] Session [5a062f40-bb1c-11e3-b4fe-1f3eec242a42] - Session.negotiatedCapabilities - {"browserName":"phantomjs","version":"1.9.7","driverName":"ghostdriver","driverVersion":"1.1.0","platform":"linux-unknown-64bit","javascriptEnabled":true,"takesScreenshot":true,"handlesAlerts":false,"databaseEnabled":false,"locationContextEnabled":false,"applicationCacheEnabled":false,"browserConnectionEnabled":false,"cssSelectorsEnabled":true,"webStorageEnabled":false,"rotatable":false,"acceptSslCerts":false,"nativeEvents":true,"proxy":{"proxyType":"direct"}}
[INFO  - 2014-04-03T10:40:19.517Z] SessionManagerReqHand - _postNewSessionCommand - New Session Created: 5a062f40-bb1c-11e3-b4fe-1f3eec242a42
[ERROR - 2014-04-03T10:40:19.663Z] Session [5a062f40-bb1c-11e3-b4fe-1f3eec242a42] - page.onError - msg: SyntaxError: Parse error
[ERROR - 2014-04-03T10:40:19.663Z] Session [5a062f40-bb1c-11e3-b4fe-1f3eec242a42] - page.onError - stack:

[INFO  - 2014-04-03T11:02:51.657Z] GhostDriver - Main - running on port 34565
[INFO  - 2014-04-03T11:02:51.699Z] Session [7ffd8bf0-bb1f-11e3-af43-0b9fb2d730b5] - page.settings - {"XSSAuditingEnabled":false,"javascriptCanCloseWindows":true,"javascriptCanOpenWindows":true,"javascriptEnabled":true,"loadImages":true,"localToRemoteUrlAccessEnabled":false,"userAgent":"Mozilla/5.0 (Unknown; Linux x86_64) AppleWebKit/534.34 (KHTML, like Gecko) PhantomJS/1.9.7 Safari/534.34","webSecurityEnabled":true}
[INFO  - 2014-04-03T11:02:51.699Z] Session [7ffd8bf0-bb1f-11e3-af43-0b9fb2d730b5] - page.customHeaders:  - {}
[INFO  - 2014-04-03T11:02:51.699Z] Session [7ffd8bf0-bb1f-11e3-af43-0b9fb2d730b5] - Session.negotiatedCapabilities - {"browserName":"phantomjs","version":"1.9.7","driverName":"ghostdriver","driverVersion":"1.1.0","platform":"linux-unknown-64bit","javascriptEnabled":true,"takesScreenshot":true,"handlesAlerts":false,"databaseEnabled":false,"locationContextEnabled":false,"applicationCacheEnabled":false,"browserConnectionEnabled":false,"cssSelectorsEnabled":true,"webStorageEnabled":false,"rotatable":false,"acceptSslCerts":false,"nativeEvents":true,"proxy":{"proxyType":"direct"}}
[INFO  - 2014-04-03T11:02:51.700Z] SessionManagerReqHand - _postNewSessionCommand - New Session Created: 7ffd8bf0-bb1f-11e3-af43-0b9fb2d730b5
[ERROR - 2014-04-03T11:02:51.821Z] Session [7ffd8bf0-bb1f-11e3-af43-0b9fb2d730b5] - page.onError - msg: SyntaxError: Parse error
[ERROR - 2014-04-03T11:02:51.821Z] Session [7ffd8bf0-bb1f-11e3-af43-0b9fb2d730b5] - page.onError - stack:

[INFO  - 2014-04-03T11:03:24.885Z] GhostDriver - Main - running on port 57715
[INFO  - 2014-04-03T11:03:24.942Z] Session [93cddf90-bb1f-11e3-ad1d-f7ee8652427b] - page.settings - {"XSSAuditingEnabled":false,"javascriptCanCloseWindows":true,"javascriptCanOpenWindows":true,"javascriptEnabled":true,"loadImages":true,"localToRemoteUrlAccessEnabled":false,"userAgent":"Mozilla/5.0 (Unknown; Linux x86_64) AppleWebKit/534.34 (KHTML, like Gecko) PhantomJS/1.9.7 Safari/534.34","webSecurityEnabled":true}
[INFO  - 2014-04-03T11:03:24.943Z] Session [93cddf90-bb1f-11e3-ad1d-f7ee8652427b] - page.customHeaders:  - {}
[INFO  - 2014-04-03T11:03:24.943Z] Session [93cddf90-bb1f-11e3-ad1d-f7ee8652427b] - Session.negotiatedCapabilities - {"browserName":"phantomjs","version":"1.9.7","driverName":"ghostdriver","driverVersion":"1.1.0","platform":"linux-unknown-64bit","javascriptEnabled":true,"takesScreenshot":true,"handlesAlerts":false,"databaseEnabled":false,"locationContextEnabled":false,"applicationCacheEnabled":false,"browserConnectionEnabled":false,"cssSelectorsEnabled":true,"webStorageEnabled":false,"rotatable":false,"acceptSslCerts":false,"nativeEvents":true,"proxy":{"proxyType":"direct"}}
[INFO  - 2014-04-03T11:03:24.943Z] SessionManagerReqHand - _postNewSessionCommand - New Session Created: 93cddf90-bb1f-11e3-ad1d-f7ee8652427b
[ERROR - 2014-04-03T11:03:25.073Z] Session [93cddf90-bb1f-11e3-ad1d-f7ee8652427b] - page.onError - msg: SyntaxError: Parse error
[ERROR - 2014-04-03T11:03:25.073Z] Session [93cddf90-bb1f-11e3-ad1d-f7ee8652427b] - page.onError - stack:

[INFO  - 2014-04-03T11:04:19.184Z] GhostDriver - Main - running on port 33022
[INFO  - 2014-04-03T11:04:19.222Z] Session [b427e2e0-bb1f-11e3-a25d-879c44cb4f61] - page.settings - {"XSSAuditingEnabled":false,"javascriptCanCloseWindows":true,"javascriptCanOpenWindows":true,"javascriptEnabled":true,"loadImages":true,"localToRemoteUrlAccessEnabled":false,"userAgent":"Mozilla/5.0 (Unknown; Linux x86_64) AppleWebKit/534.34 (KHTML, like Gecko) PhantomJS/1.9.7 Safari/534.34","webSecurityEnabled":true}
[INFO  - 2014-04-03T11:04:19.222Z] Session [b427e2e0-bb1f-11e3-a25d-879c44cb4f61] - page.customHeaders:  - {}
[INFO  - 2014-04-03T11:04:19.222Z] Session [b427e2e0-bb1f-11e3-a25d-879c44cb4f61] - Session.negotiatedCapabilities - {"browserName":"phantomjs","version":"1.9.7","driverName":"ghostdriver","driverVersion":"1.1.0","platform":"linux-unknown-64bit","javascriptEnabled":true,"takesScreenshot":true,"handlesAlerts":false,"databaseEnabled":false,"locationContextEnabled":false,"applicationCacheEnabled":false,"browserConnectionEnabled":false,"cssSelectorsEnabled":true,"webStorageEnabled":false,"rotatable":false,"acceptSslCerts":false,"nativeEvents":true,"proxy":{"proxyType":"direct"}}
[INFO  - 2014-04-03T11:04:19.222Z] SessionManagerReqHand - _postNewSessionCommand - New Session Created: b427e2e0-bb1f-11e3-a25d-879c44cb4f61
[ERROR - 2014-04-03T11:04:19.343Z] Session [b427e2e0-bb1f-11e3-a25d-879c44cb4f61] - page.onError - msg: SyntaxError: Parse error
[ERROR - 2014-04-03T11:04:19.343Z] Session [b427e2e0-bb1f-11e3-a25d-879c44cb4f61] - page.onError - stack:

